{"logLevel":"debug","message":"multithreading is set to false"}
{"logLevel":"debug","message":"Using reflection to scan dependencies for gauge implementations..."}
SLF4J(W): io.grpc.netty.shaded.io.netty.util.internal.logging.InternalLoggerFactory
SLF4J(W): The following set of substitute loggers may have been accessed
SLF4J(W): during the initialization phase. Logging calls during this
SLF4J(W): phase were not honored. However, subsequent logging calls to these
SLF4J(W): loggers will work as normally expected.
SLF4J(W): See also https://www.slf4j.org/codes.html#substituteLogger
SLF4J(W): io.grpc.netty.shaded.io.netty.util.internal.PlatformDependent
SLF4J(W): io.grpc.netty.shaded.io.netty.util.internal.PlatformDependent0
SLF4J(W): io.grpc.netty.shaded.io.netty.util.internal.PlatformDependent0
SLF4J(W): io.grpc.netty.shaded.io.netty.util.internal.PlatformDependent0
SLF4J(W): io.grpc.netty.shaded.io.netty.util.internal.PlatformDependent0
SLF4J(W): io.grpc.netty.shaded.io.netty.util.internal.PlatformDependent0
SLF4J(W): io.grpc.netty.shaded.io.netty.util.internal.PlatformDependent0
SLF4J(W): io.grpc.netty.shaded.io.netty.util.internal.PlatformDependent0
SLF4J(W): io.grpc.netty.shaded.io.netty.util.internal.PlatformDependent0
SLF4J(W): io.grpc.netty.shaded.io.netty.util.internal.PlatformDependent0
SLF4J(W): io.grpc.netty.shaded.io.netty.util.internal.PlatformDependent
SLF4J(W): io.grpc.netty.shaded.io.netty.util.internal.PlatformDependent
SLF4J(W): io.grpc.netty.shaded.io.netty.util.internal.PlatformDependent
SLF4J(W): io.grpc.netty.shaded.io.netty.util.internal.PlatformDependent
SLF4J(W): io.grpc.netty.shaded.io.netty.util.internal.PlatformDependent
SLF4J(W): io.grpc.netty.shaded.io.netty.util.internal.PlatformDependent
{"logLevel":"debug","message":"gauge-java took 349milliseconds to load and scan. This should be less than 'runner_connection_timeout' config value."}
{"logLevel":"debug","message":"run 'gauge config runner_connection_timeout' and verify that it is < 349"}
{"logLevel":"debug","message":"starting gRPC server..."}
{"logLevel":"debug","message":"started gRPC server on port 63165"}
{"logLevel":"info","message":"Listening on port:63165"}
{"logLevel":"debug","message":"Scanning packages for steps"}
{"logLevel":"debug","message":"Loading Double click on element {} {}via reflected sources."}
{"logLevel":"debug","message":"Loading Validate {} contains {}via reflected sources."}
{"logLevel":"debug","message":"Loading Verify that element located by {} {} contains text {}via reflected sources."}
{"logLevel":"debug","message":"Loading Type random number in 1-{} range into element {} {}via reflected sources."}
{"logLevel":"debug","message":"Loading Click element if it exists by {} with locator {}via reflected sources."}
{"logLevel":"debug","message":"Loading Scroll to element {} {}via reflected sources."}
{"logLevel":"debug","message":"Loading Wait until element {} {} is visiblevia reflected sources."}
{"logLevel":"debug","message":"Loading Verify registered user name on Home pagevia reflected sources."}
{"logLevel":"debug","message":"Loading If current URL contains {} navigate to {}via reflected sources."}
{"logLevel":"debug","message":"Loading Fill required account information on Sign Up pagevia reflected sources."}
{"logLevel":"debug","message":"Loading Click on element {} {} using JavaScriptvia reflected sources."}
{"logLevel":"debug","message":"Loading Scroll to element located by {} {}via reflected sources."}
{"logLevel":"debug","message":"Loading Check if element {} {} is presentvia reflected sources."}
{"logLevel":"debug","message":"Loading Wait until element {} {} is presentvia reflected sources."}
{"logLevel":"debug","message":"Loading Click on element {} {}via reflected sources."}
{"logLevel":"debug","message":"Loading Click a random element from elements located by {} {}via reflected sources."}
{"logLevel":"debug","message":"Loading Click a random element from elements located by {} {} and store its {} attribute valuevia reflected sources."}
{"logLevel":"debug","message":"Loading Verify sub category on products pagevia reflected sources."}
{"logLevel":"debug","message":"Loading Select random sub category from {} {} on products pagevia reflected sources."}
{"logLevel":"debug","message":"Loading Verify that stored user information is displayed correctly on Sign Up pagevia reflected sources."}
{"logLevel":"debug","message":"Loading Wait {} secondsvia reflected sources."}
{"logLevel":"debug","message":"Loading Type {} into element {} {}via reflected sources."}
{"logLevel":"debug","message":"Loading Enter user name and email on Sign Up pagevia reflected sources."}
{"logLevel":"debug","message":"Loading Goto website with {}via reflected sources."}
{"logLevel":"debug","message":"Loading Verify current url contains {}via reflected sources."}
{"logLevel":"debug","message":"Loading Click a random element from elements located by {} {} and store its text valuevia reflected sources."}
{"logLevel":"debug","message":"Loading Wait until element {} {} is clickablevia reflected sources."}
{"logLevel":"debug","message":"Loading Check if element {} {} is displayedvia reflected sources."}
{"logLevel":"debug","message":"Scanning packages for hooks"}
{"logLevel":"debug","message":"Scanned steps (using static parsing + reflections): "}
{"logLevel":"debug","message":"\tClick a random element from elements located by {} {} and store its {} attribute value : null"}
{"logLevel":"debug","message":"\tClick on element {} {} using JavaScript : null"}
{"logLevel":"debug","message":"\tValidate {} contains {} : null"}
{"logLevel":"debug","message":"\tClick element if it exists by {} with locator {} : null"}
{"logLevel":"debug","message":"\tVerify sub category on products page : null"}
{"logLevel":"debug","message":"\tSelect random sub category from {} {} on products page : null"}
{"logLevel":"debug","message":"\tVerify registered user name on Home page : null"}
{"logLevel":"debug","message":"\tScroll to element located by {} {} : null"}
{"logLevel":"debug","message":"\tVerify that stored user information is displayed correctly on Sign Up page : null"}
{"logLevel":"debug","message":"\tType random number in 1-{} range into element {} {} : null"}
{"logLevel":"debug","message":"\tEnter user name and email on Sign Up page : null"}
{"logLevel":"debug","message":"\tClick a random element from elements located by {} {} and store its text value : null"}
{"logLevel":"debug","message":"\tIf current URL contains {} navigate to {} : null"}
{"logLevel":"debug","message":"\tWait until element {} {} is clickable : null"}
{"logLevel":"debug","message":"\tVerify current url contains {} : null"}
{"logLevel":"debug","message":"\tWait {} seconds : null"}
{"logLevel":"debug","message":"\tFill required account information on Sign Up page : null"}
{"logLevel":"debug","message":"\tClick on element {} {} : null"}
{"logLevel":"debug","message":"\tVerify that element located by {} {} contains text {} : null"}
{"logLevel":"debug","message":"\tScroll to element {} {} : null"}
{"logLevel":"debug","message":"\tGoto website with {} : null"}
{"logLevel":"debug","message":"\tCheck if element {} {} is displayed : null"}
{"logLevel":"debug","message":"\tDouble click on element {} {} : null"}
{"logLevel":"debug","message":"\tType {} into element {} {} : null"}
{"logLevel":"debug","message":"\tWait until element {} {} is visible : null"}
{"logLevel":"debug","message":"\tWait until element {} {} is present : null"}
{"logLevel":"debug","message":"\tClick a random element from elements located by {} {} : null"}
{"logLevel":"debug","message":"\tCheck if element {} {} is present : null"}
{"logLevel":"debug","message":"Executing 'Goto website with {}' using 'class org.example.StepImplementation.goToUrl"}
INFO  StepImplementation - 
Navigated to the website: https://automationexercise.com/
{"logLevel":"debug","message":"Executing 'Wait until element {} {} is visible' using 'class org.example.StepImplementation.waitElementUntilVisible"}
INFO  StepImplementation - Waited until css element with locator li>a[href='/'] was visible.
{"logLevel":"debug","message":"Executing 'Wait until element {} {} is visible' using 'class org.example.StepImplementation.waitElementUntilVisible"}
INFO  StepImplementation - Waited until css element with locator li>a[href='/products'] was visible.
{"logLevel":"debug","message":"Executing 'Wait until element {} {} is visible' using 'class org.example.StepImplementation.waitElementUntilVisible"}
INFO  StepImplementation - Waited until css element with locator li>a[href='/view_cart'] was visible.
{"logLevel":"debug","message":"Executing 'Wait until element {} {} is visible' using 'class org.example.StepImplementation.waitElementUntilVisible"}
INFO  StepImplementation - Waited until css element with locator li>a[href='/test_cases'] was visible.
{"logLevel":"debug","message":"Executing 'Wait until element {} {} is visible' using 'class org.example.StepImplementation.waitElementUntilVisible"}
INFO  StepImplementation - Waited until css element with locator li>a[href='/api_list'] was visible.
{"logLevel":"debug","message":"Executing 'Wait until element {} {} is visible' using 'class org.example.StepImplementation.waitElementUntilVisible"}
INFO  StepImplementation - Waited until xpath element with locator //li/a[contains(@href,'AutomationExercise')] was visible.
{"logLevel":"debug","message":"Executing 'Wait until element {} {} is visible' using 'class org.example.StepImplementation.waitElementUntilVisible"}
INFO  StepImplementation - Waited until css element with locator li>a[href='/contact_us'] was visible.
{"logLevel":"debug","message":"Executing 'Click on element {} {}' using 'class org.example.StepImplementation.clickElementWithLocatorType"}
INFO  StepImplementation - Clicked on css element with locator li>a[href='/products'].
{"logLevel":"debug","message":"Executing 'Goto website with {}' using 'class org.example.StepImplementation.goToUrl"}
INFO  StepImplementation - 
Navigated to the website: https://automationexercise.com/products
{"logLevel":"debug","message":"Executing 'Wait until element {} {} is visible' using 'class org.example.StepImplementation.waitElementUntilVisible"}
INFO  StepImplementation - Waited until css element with locator div[class='left-sidebar']>h2 was visible.
{"logLevel":"debug","message":"Executing 'Wait until element {} {} is visible' using 'class org.example.StepImplementation.waitElementUntilVisible"}
INFO  StepImplementation - Waited until css element with locator div[class='features_items']>h2 was visible.
{"logLevel":"debug","message":"Executing 'Wait until element {} {} is visible' using 'class org.example.StepImplementation.waitElementUntilVisible"}
INFO  StepImplementation - Waited until css element with locator div#accordian>div[class='panel panel-default'] h4>a was visible.
{"logLevel":"debug","message":"Executing 'Scroll to element {} {}' using 'class org.example.StepImplementation.scrollToElement"}
INFO  StepImplementation - Scrolled to css element with locator div#accordian>div[class='panel panel-default'] h4>a.
{"logLevel":"debug","message":"Executing 'Wait until element {} {} is clickable' using 'class org.example.StepImplementation.waitElementUntilClickable"}
INFO  StepImplementation - Waited until css element with locator div#accordian>div[class='panel panel-default'] h4>a was clickable.
{"logLevel":"debug","message":"Executing 'Click a random element from elements located by {} {}' using 'class org.example.StepImplementation.clickRandomElementAList"}
INFO  StepImplementation - Random element clicked from css with locator div#accordian>div[class='panel panel-default'] h4>a at index 1. Total elements found: 3
{"logLevel":"debug","message":"Executing 'Wait until element {} {} is clickable' using 'class org.example.StepImplementation.waitElementUntilClickable"}
INFO  StepImplementation - Waited until css element with locator div#accordian>div[class='panel panel-default'] div[class='panel-collapse in'] div[class='panel-body']>ul>li>a was clickable.
{"logLevel":"debug","message":"Executing 'Select random sub category from {} {} on products page' using 'class org.example.StepImplementation.selectRandomSubCategory"}
INFO  StepImplementation - Waited until css element with locator div#accordian>div[class='panel panel-default'] div[class='panel-collapse in'] div[class='panel-body']>ul>li>a was clickable.
INFO  StepImplementation - Random sub category selected from css locator: div#accordian>div[class='panel panel-default'] div[class='panel-collapse in'] div[class='panel-body']>ul>li>a. Selected index: 0. Sub category name: TSHIRTS. Total sub categories found: 2
{"logLevel":"debug","message":"Executing 'Verify sub category on products page' using 'class org.example.StepImplementation.verifySubCategory"}
INFO  StepImplementation - Waited until css element with locator div.features_items>h2 was visible.
INFO  StepImplementation - Verifying sub category. Expected: TSHIRTS , Page header: MEN - TSHIRTS PRODUCTS
INFO  StepImplementation - Verified products page sub category header. Expected sub category: TSHIRTS, Actual header text: MEN - TSHIRTS PRODUCTS
{"logLevel":"debug","message":"Executing 'Scroll to element {} {}' using 'class org.example.StepImplementation.scrollToElement"}
INFO  StepImplementation - Scrolled to css element with locator div.features_items div[class='col-sm-4']  div.choose a.
{"logLevel":"debug","message":"Executing 'Wait until element {} {} is clickable' using 'class org.example.StepImplementation.waitElementUntilClickable"}
INFO  StepImplementation - Waited until css element with locator div.features_items div[class='col-sm-4']  div.choose a was clickable.
{"logLevel":"debug","message":"Executing 'Click a random element from elements located by {} {} and store its {} attribute value' using 'class org.example.StepImplementation.clickRandomElementAListStoreAttributeVal"}
INFO  StepImplementation - Random element clicked from css with locator div.features_items div[class='col-sm-4']  div.choose a at index 0. Stored attribute (href) value = https://automationexercise.com/product_details/2. Total elements found: 6
{"logLevel":"debug","message":"Executing 'Wait until element {} {} is visible' using 'class org.example.StepImplementation.waitElementUntilVisible"}
INFO  StepImplementation - Waited until css element with locator div.product-information>h2 was visible.
{"logLevel":"debug","message":"Executing 'Wait until element {} {} is visible' using 'class org.example.StepImplementation.waitElementUntilVisible"}
INFO  StepImplementation - Waited until id element with locator quantity was visible.
{"logLevel":"debug","message":"Executing 'Wait until element {} {} is visible' using 'class org.example.StepImplementation.waitElementUntilVisible"}
INFO  StepImplementation - Waited until css element with locator div.product-information button was visible.
{"logLevel":"debug","message":"Executing 'Verify current url contains {}' using 'class org.example.StepImplementation.validateStoredTextInUrl"}
INFO  StepImplementation - https://automationexercise.com/product_details/2    -----    https://automationexercise.com/product_details/2
Verified that URL contains stored text. URL = https://automationexercise.com/product_details/2, Stored text = https://automationexercise.com/product_details/2
{"logLevel":"debug","message":"Executing 'Scroll to element {} {}' using 'class org.example.StepImplementation.scrollToElement"}
INFO  StepImplementation - Scrolled to id element with locator quantity.
{"logLevel":"debug","message":"Executing 'Type random number in 1-{} range into element {} {}' using 'class org.example.StepImplementation.typeRandomNumberElement"}
INFO  StepImplementation - 3 number was typed into id element with locator quantity.
INFO  BaseTest - Closing the browser.
{"logLevel":"debug","message":"Killing Java runner..."}
{"logLevel":"debug","message":"Stopping execution pool..."}
{"logLevel":"debug","message":"Shutting down grpc server..."}
{"logLevel":"debug","message":"Runner killed gracefully."}
