{"logLevel":"debug","message":"multithreading is set to false"}
{"logLevel":"debug","message":"Using reflection to scan dependencies for gauge implementations..."}
SLF4J(W): io.grpc.netty.shaded.io.netty.util.internal.logging.InternalLoggerFactory
SLF4J(W): The following set of substitute loggers may have been accessed
SLF4J(W): during the initialization phase. Logging calls during this
SLF4J(W): phase were not honored. However, subsequent logging calls to these
SLF4J(W): loggers will work as normally expected.
SLF4J(W): See also https://www.slf4j.org/codes.html#substituteLogger
SLF4J(W): io.grpc.netty.shaded.io.netty.util.internal.PlatformDependent
SLF4J(W): io.grpc.netty.shaded.io.netty.util.internal.PlatformDependent0
SLF4J(W): io.grpc.netty.shaded.io.netty.util.internal.PlatformDependent0
SLF4J(W): io.grpc.netty.shaded.io.netty.util.internal.PlatformDependent0
SLF4J(W): io.grpc.netty.shaded.io.netty.util.internal.PlatformDependent0
SLF4J(W): io.grpc.netty.shaded.io.netty.util.internal.PlatformDependent0
SLF4J(W): io.grpc.netty.shaded.io.netty.util.internal.PlatformDependent0
SLF4J(W): io.grpc.netty.shaded.io.netty.util.internal.PlatformDependent0
SLF4J(W): io.grpc.netty.shaded.io.netty.util.internal.PlatformDependent0
SLF4J(W): io.grpc.netty.shaded.io.netty.util.internal.PlatformDependent0
SLF4J(W): io.grpc.netty.shaded.io.netty.util.internal.PlatformDependent
SLF4J(W): io.grpc.netty.shaded.io.netty.util.internal.PlatformDependent
SLF4J(W): io.grpc.netty.shaded.io.netty.util.internal.PlatformDependent
SLF4J(W): io.grpc.netty.shaded.io.netty.util.internal.PlatformDependent
SLF4J(W): io.grpc.netty.shaded.io.netty.util.internal.PlatformDependent
SLF4J(W): io.grpc.netty.shaded.io.netty.util.internal.PlatformDependent
{"logLevel":"debug","message":"gauge-java took 477milliseconds to load and scan. This should be less than 'runner_connection_timeout' config value."}
{"logLevel":"debug","message":"run 'gauge config runner_connection_timeout' and verify that it is < 477"}
{"logLevel":"debug","message":"starting gRPC server..."}
{"logLevel":"debug","message":"started gRPC server on port 62221"}
{"logLevel":"info","message":"Listening on port:62221"}
{"logLevel":"debug","message":"Scanning packages for steps"}
{"logLevel":"debug","message":"Loading Double click on element {} {}via reflected sources."}
{"logLevel":"debug","message":"Loading Validate {} contains {}via reflected sources."}
{"logLevel":"debug","message":"Loading Verify that element located by {} {} contains text {}via reflected sources."}
{"logLevel":"debug","message":"Loading Type random number in 1-{} range into element {} {}via reflected sources."}
{"logLevel":"debug","message":"Loading Store text of element located by {} {} with {}via reflected sources."}
{"logLevel":"debug","message":"Loading Verify that element {} {} contains stored text {}via reflected sources."}
{"logLevel":"debug","message":"Loading Click element if it exists by {} with locator {}via reflected sources."}
{"logLevel":"debug","message":"Loading Scroll to element {} {}via reflected sources."}
{"logLevel":"debug","message":"Loading Wait until element {} {} is visiblevia reflected sources."}
{"logLevel":"debug","message":"Loading Verify registered user name on Home pagevia reflected sources."}
{"logLevel":"debug","message":"Loading If current URL contains {} navigate to {}via reflected sources."}
{"logLevel":"debug","message":"Loading Fill required account information on Sign Up pagevia reflected sources."}
{"logLevel":"debug","message":"Loading Click on element {} {} using JavaScriptvia reflected sources."}
{"logLevel":"debug","message":"Loading Check if element {} {} is presentvia reflected sources."}
{"logLevel":"debug","message":"Loading Wait until element {} {} is presentvia reflected sources."}
{"logLevel":"debug","message":"Loading Click on element {} {}via reflected sources."}
{"logLevel":"debug","message":"Loading Click a random element from elements located by {} {}via reflected sources."}
{"logLevel":"debug","message":"Loading Click a random element from elements located by {} {} and store its {} attribute valuevia reflected sources."}
{"logLevel":"debug","message":"Loading Verify sub category on products pagevia reflected sources."}
{"logLevel":"debug","message":"Loading Select random sub category from {} {} on products pagevia reflected sources."}
{"logLevel":"debug","message":"Loading Verify that stored user information is displayed correctly on Sign Up pagevia reflected sources."}
{"logLevel":"debug","message":"Loading Wait {} secondsvia reflected sources."}
{"logLevel":"debug","message":"Loading Type {} into element {} {}via reflected sources."}
{"logLevel":"debug","message":"Loading Enter user name and email on Sign Up pagevia reflected sources."}
{"logLevel":"debug","message":"Loading Goto website with {}via reflected sources."}
{"logLevel":"debug","message":"Loading Test iteration {}via reflected sources."}
{"logLevel":"debug","message":"Loading Verify current url contains {}via reflected sources."}
{"logLevel":"debug","message":"Loading Click a random element from elements located by {} {} and store its text valuevia reflected sources."}
{"logLevel":"debug","message":"Loading Wait until element {} {} is clickablevia reflected sources."}
{"logLevel":"debug","message":"Loading Check if element {} {} is displayedvia reflected sources."}
{"logLevel":"debug","message":"Scanning packages for hooks"}
{"logLevel":"debug","message":"Scanned steps (using static parsing + reflections): "}
{"logLevel":"debug","message":"\tClick a random element from elements located by {} {} and store its {} attribute value : null"}
{"logLevel":"debug","message":"\tClick on element {} {} using JavaScript : null"}
{"logLevel":"debug","message":"\tValidate {} contains {} : null"}
{"logLevel":"debug","message":"\tClick element if it exists by {} with locator {} : null"}
{"logLevel":"debug","message":"\tVerify sub category on products page : null"}
{"logLevel":"debug","message":"\tSelect random sub category from {} {} on products page : null"}
{"logLevel":"debug","message":"\tVerify registered user name on Home page : null"}
{"logLevel":"debug","message":"\tVerify that stored user information is displayed correctly on Sign Up page : null"}
{"logLevel":"debug","message":"\tType random number in 1-{} range into element {} {} : null"}
{"logLevel":"debug","message":"\tEnter user name and email on Sign Up page : null"}
{"logLevel":"debug","message":"\tClick a random element from elements located by {} {} and store its text value : null"}
{"logLevel":"debug","message":"\tIf current URL contains {} navigate to {} : null"}
{"logLevel":"debug","message":"\tWait until element {} {} is clickable : null"}
{"logLevel":"debug","message":"\tVerify current url contains {} : null"}
{"logLevel":"debug","message":"\tVerify that element {} {} contains stored text {} : null"}
{"logLevel":"debug","message":"\tWait {} seconds : null"}
{"logLevel":"debug","message":"\tFill required account information on Sign Up page : null"}
{"logLevel":"debug","message":"\tClick on element {} {} : null"}
{"logLevel":"debug","message":"\tVerify that element located by {} {} contains text {} : null"}
{"logLevel":"debug","message":"\tScroll to element {} {} : null"}
{"logLevel":"debug","message":"\tGoto website with {} : null"}
{"logLevel":"debug","message":"\tCheck if element {} {} is displayed : null"}
{"logLevel":"debug","message":"\tDouble click on element {} {} : null"}
{"logLevel":"debug","message":"\tType {} into element {} {} : null"}
{"logLevel":"debug","message":"\tTest iteration {} : null"}
{"logLevel":"debug","message":"\tWait until element {} {} is visible : null"}
{"logLevel":"debug","message":"\tStore text of element located by {} {} with {} : null"}
{"logLevel":"debug","message":"\tWait until element {} {} is present : null"}
{"logLevel":"debug","message":"\tClick a random element from elements located by {} {} : null"}
{"logLevel":"debug","message":"\tCheck if element {} {} is present : null"}
{"logLevel":"debug","message":"Executing 'Goto website with {}' using 'class org.example.StepImplementation.goToUrl"}
INFO  StepImplementation - 
Navigated to the website: https://automationexercise.com/
{"logLevel":"debug","message":"Executing 'Wait until element {} {} is visible' using 'class org.example.StepImplementation.waitElementUntilVisible"}
INFO  StepImplementation - Waited until css element with locator li>a[href='/'] was visible.
{"logLevel":"debug","message":"Executing 'Wait until element {} {} is visible' using 'class org.example.StepImplementation.waitElementUntilVisible"}
INFO  StepImplementation - Waited until css element with locator li>a[href='/products'] was visible.
{"logLevel":"debug","message":"Executing 'Wait until element {} {} is visible' using 'class org.example.StepImplementation.waitElementUntilVisible"}
INFO  StepImplementation - Waited until css element with locator li>a[href='/view_cart'] was visible.
{"logLevel":"debug","message":"Executing 'Wait until element {} {} is visible' using 'class org.example.StepImplementation.waitElementUntilVisible"}
INFO  StepImplementation - Waited until css element with locator li>a[href='/test_cases'] was visible.
{"logLevel":"debug","message":"Executing 'Wait until element {} {} is visible' using 'class org.example.StepImplementation.waitElementUntilVisible"}
INFO  StepImplementation - Waited until css element with locator li>a[href='/api_list'] was visible.
{"logLevel":"debug","message":"Executing 'Wait until element {} {} is visible' using 'class org.example.StepImplementation.waitElementUntilVisible"}
INFO  StepImplementation - Waited until xpath element with locator //li/a[contains(@href,'AutomationExercise')] was visible.
{"logLevel":"debug","message":"Executing 'Wait until element {} {} is visible' using 'class org.example.StepImplementation.waitElementUntilVisible"}
INFO  StepImplementation - Waited until css element with locator li>a[href='/contact_us'] was visible.
{"logLevel":"debug","message":"Executing 'Check if element {} {} is displayed' using 'class org.example.StepImplementation.isElementDisplayed"}
INFO  StepImplementation - css element with locator li>a[href='/login'] is displayed.
{"logLevel":"debug","message":"Executing 'Check if element {} {} is displayed' using 'class org.example.StepImplementation.isElementDisplayed"}
INFO  StepImplementation - css element with locator li>a[href='/'] is displayed.
{"logLevel":"debug","message":"Executing 'Check if element {} {} is displayed' using 'class org.example.StepImplementation.isElementDisplayed"}
INFO  StepImplementation - css element with locator li>a[href='/products'] is displayed.
{"logLevel":"debug","message":"Executing 'Check if element {} {} is displayed' using 'class org.example.StepImplementation.isElementDisplayed"}
INFO  StepImplementation - css element with locator li>a[href='/view_cart'] is displayed.
{"logLevel":"debug","message":"Executing 'Check if element {} {} is displayed' using 'class org.example.StepImplementation.isElementDisplayed"}
INFO  StepImplementation - css element with locator li>a[href='/test_cases'] is displayed.
{"logLevel":"debug","message":"Executing 'Check if element {} {} is displayed' using 'class org.example.StepImplementation.isElementDisplayed"}
INFO  StepImplementation - css element with locator li>a[href='/api_list'] is displayed.
{"logLevel":"debug","message":"Executing 'Check if element {} {} is displayed' using 'class org.example.StepImplementation.isElementDisplayed"}
INFO  StepImplementation - xpath element with locator //li/a[contains(@href,'AutomationExercise')] is displayed.
{"logLevel":"debug","message":"Executing 'Check if element {} {} is displayed' using 'class org.example.StepImplementation.isElementDisplayed"}
INFO  StepImplementation - css element with locator li>a[href='/contact_us'] is displayed.
{"logLevel":"debug","message":"Executing 'Click on element {} {}' using 'class org.example.StepImplementation.clickElementWithLocatorType"}
INFO  StepImplementation - Clicked on css element with locator li>a[href='/login'].
{"logLevel":"debug","message":"Executing 'Wait until element {} {} is visible' using 'class org.example.StepImplementation.waitElementUntilVisible"}
INFO  StepImplementation - Waited until css element with locator li>a[href='/'] was visible.
{"logLevel":"debug","message":"Executing 'Wait until element {} {} is visible' using 'class org.example.StepImplementation.waitElementUntilVisible"}
INFO  StepImplementation - Waited until css element with locator li>a[href='/products'] was visible.
{"logLevel":"debug","message":"Executing 'Wait until element {} {} is visible' using 'class org.example.StepImplementation.waitElementUntilVisible"}
INFO  StepImplementation - Waited until css element with locator li>a[href='/view_cart'] was visible.
{"logLevel":"debug","message":"Executing 'Wait until element {} {} is visible' using 'class org.example.StepImplementation.waitElementUntilVisible"}
INFO  StepImplementation - Waited until css element with locator li>a[href='/test_cases'] was visible.
{"logLevel":"debug","message":"Executing 'Wait until element {} {} is visible' using 'class org.example.StepImplementation.waitElementUntilVisible"}
INFO  StepImplementation - Waited until css element with locator li>a[href='/api_list'] was visible.
{"logLevel":"debug","message":"Executing 'Wait until element {} {} is visible' using 'class org.example.StepImplementation.waitElementUntilVisible"}
INFO  StepImplementation - Waited until xpath element with locator //li/a[contains(@href,'AutomationExercise')] was visible.
{"logLevel":"debug","message":"Executing 'Wait until element {} {} is visible' using 'class org.example.StepImplementation.waitElementUntilVisible"}
INFO  StepImplementation - Waited until css element with locator li>a[href='/contact_us'] was visible.
{"logLevel":"debug","message":"Executing 'Wait until element {} {} is visible' using 'class org.example.StepImplementation.waitElementUntilVisible"}
INFO  StepImplementation - Waited until css element with locator div[class='signup-form']>h2 was visible.
{"logLevel":"debug","message":"Executing 'Wait until element {} {} is visible' using 'class org.example.StepImplementation.waitElementUntilVisible"}
INFO  StepImplementation - Waited until css element with locator form[action='/signup']>input[placeholder='Name'] was visible.
{"logLevel":"debug","message":"Executing 'Wait until element {} {} is visible' using 'class org.example.StepImplementation.waitElementUntilVisible"}
INFO  StepImplementation - Waited until css element with locator form[action='/signup']>input[placeholder='Email Address'] was visible.
{"logLevel":"debug","message":"Executing 'Wait until element {} {} is clickable' using 'class org.example.StepImplementation.waitElementUntilClickable"}
INFO  StepImplementation - Waited until css element with locator form[action='/signup']>button was clickable.
{"logLevel":"debug","message":"Executing 'Scroll to element {} {}' using 'class org.example.StepImplementation.scrollToElement"}
INFO  StepImplementation - Scrolled to css element with locator form[action='/signup']>button.
{"logLevel":"debug","message":"Executing 'Enter user name and email on Sign Up page' using 'class org.example.StepImplementation.fillFirstSignupForm"}
INFO  StepImplementation - Sign Up form filled with Name: Stan and Email: test_lizbeth.roob@hotmail.com
{"logLevel":"debug","message":"Executing 'Click on element {} {}' using 'class org.example.StepImplementation.clickElementWithLocatorType"}
INFO  StepImplementation - Clicked on css element with locator form[action='/signup']>button.
{"logLevel":"debug","message":"Executing 'Wait until element {} {} is visible' using 'class org.example.StepImplementation.waitElementUntilVisible"}
INFO  StepImplementation - Waited until id element with locator password was visible.
{"logLevel":"debug","message":"Executing 'Verify that stored user information is displayed correctly on Sign Up page' using 'class org.example.StepImplementation.validateStoredTextInElement"}
INFO  StepImplementation - Stored user information verified on Sign Up page. Name: Stan Email: test_lizbeth.roob@hotmail.com
{"logLevel":"debug","message":"Executing 'Scroll to element {} {}' using 'class org.example.StepImplementation.scrollToElement"}
INFO  StepImplementation - Scrolled to id element with locator last_name.
{"logLevel":"debug","message":"Executing 'Scroll to element {} {}' using 'class org.example.StepImplementation.scrollToElement"}
INFO  StepImplementation - Scrolled to css element with locator form.searchform.
{"logLevel":"debug","message":"Executing 'Fill required account information on Sign Up page' using 'class org.example.StepImplementation.fillRequiredAccountInformation"}
INFO  StepImplementation - Scrolled to id element with locator state.
INFO  StepImplementation - Scrolled to id element with locator zipcode.
INFO  StepImplementation - Account information filled with First Name: Stan, Last Name: Durgan, Address: 5879 Torri Orchard, State: Florida, City: New Marashire, Zipcode: 73009, Mobile Number: (751) 320-3444
{"logLevel":"debug","message":"Executing 'Scroll to element {} {}' using 'class org.example.StepImplementation.scrollToElement"}
INFO  StepImplementation - Scrolled to css element with locator input[value='create_account']+button.
{"logLevel":"debug","message":"Executing 'Click on element {} {}' using 'class org.example.StepImplementation.clickElementWithLocatorType"}
INFO  StepImplementation - Clicked on css element with locator input[value='create_account']+button.
{"logLevel":"debug","message":"Executing 'Scroll to element {} {}' using 'class org.example.StepImplementation.scrollToElement"}
INFO  StepImplementation - Scrolled to css element with locator h2[class='title text-center'].
{"logLevel":"debug","message":"Executing 'Scroll to element {} {}' using 'class org.example.StepImplementation.scrollToElement"}
INFO  StepImplementation - Scrolled to css element with locator section#form p:nth-of-type(1).
{"logLevel":"debug","message":"Executing 'Verify that element located by {} {} contains text {}' using 'class org.example.StepImplementation.validateTextInElement"}
INFO  StepImplementation - ACCOUNT CREATED!    -----    ACCOUNT CREATED!
INFO  StepImplementation - css element with locator h2[class='title text-center']>b contains text ACCOUNT CREATED!
{"logLevel":"debug","message":"Executing 'Verify that element located by {} {} contains text {}' using 'class org.example.StepImplementation.validateTextInElement"}
INFO  StepImplementation - Congratulations! Your new account has been successfully created!    -----    Congratulations! Your new account
INFO  StepImplementation - css element with locator section#form p:nth-of-type(1) contains text Congratulations! Your new account
{"logLevel":"debug","message":"Executing 'Scroll to element {} {}' using 'class org.example.StepImplementation.scrollToElement"}
INFO  StepImplementation - Scrolled to css element with locator div.pull-right>a.
{"logLevel":"debug","message":"Executing 'Click element if it exists by {} with locator {}' using 'class org.example.StepImplementation.ifElementExistClickToElement"}
INFO  SeleniumHelper - Optional element not found. Continuing test. Locator = By.cssSelector: #dismiss-button
{"logLevel":"debug","message":"Executing 'Click on element {} {}' using 'class org.example.StepImplementation.clickElementWithLocatorType"}
INFO  StepImplementation - Clicked on css element with locator div.pull-right>a.
{"logLevel":"debug","message":"Executing 'Click element if it exists by {} with locator {}' using 'class org.example.StepImplementation.ifElementExistClickToElement"}
INFO  SeleniumHelper - Optional element not found. Continuing test. Locator = By.cssSelector: #dismiss-button
{"logLevel":"debug","message":"Executing 'If current URL contains {} navigate to {}' using 'class org.example.StepImplementation.ifCurrentUrlXGoToYUrl"}
INFO  StepImplementation - Current URL contains google_vignette. Navigating to https://automationexercise.com/. Current URL = https://automationexercise.com/account_created#google_vignette
{"logLevel":"debug","message":"Executing 'Click element if it exists by {} with locator {}' using 'class org.example.StepImplementation.ifElementExistClickToElement"}
INFO  SeleniumHelper - Optional element not found. Continuing test. Locator = By.cssSelector: #dismiss-button
{"logLevel":"debug","message":"Executing 'Scroll to element {} {}' using 'class org.example.StepImplementation.scrollToElement"}
INFO  StepImplementation - Scrolled to css element with locator li>a[href='/logout'].
{"logLevel":"debug","message":"Executing 'Scroll to element {} {}' using 'class org.example.StepImplementation.scrollToElement"}
INFO  StepImplementation - Scrolled to css element with locator li>a[href='/delete_account'].
{"logLevel":"debug","message":"Executing 'Scroll to element {} {}' using 'class org.example.StepImplementation.scrollToElement"}
INFO  StepImplementation - Scrolled to css element with locator ul[class='nav navbar-nav']>li:nth-child(10) b.
{"logLevel":"debug","message":"Executing 'Verify registered user name on Home page' using 'class org.example.StepImplementation.verifyNameHomePage"}
INFO  StepImplementation - Verified registered user name on Home page. Username is = Stan
{"logLevel":"debug","message":"Executing 'Wait until element {} {} is visible' using 'class org.example.StepImplementation.waitElementUntilVisible"}
INFO  StepImplementation - Waited until css element with locator li>a[href='/'] was visible.
{"logLevel":"debug","message":"Executing 'Wait until element {} {} is visible' using 'class org.example.StepImplementation.waitElementUntilVisible"}
INFO  StepImplementation - Waited until css element with locator li>a[href='/products'] was visible.
{"logLevel":"debug","message":"Executing 'Wait until element {} {} is visible' using 'class org.example.StepImplementation.waitElementUntilVisible"}
INFO  StepImplementation - Waited until css element with locator li>a[href='/view_cart'] was visible.
{"logLevel":"debug","message":"Executing 'Wait until element {} {} is visible' using 'class org.example.StepImplementation.waitElementUntilVisible"}
INFO  StepImplementation - Waited until css element with locator li>a[href='/test_cases'] was visible.
{"logLevel":"debug","message":"Executing 'Wait until element {} {} is visible' using 'class org.example.StepImplementation.waitElementUntilVisible"}
INFO  StepImplementation - Waited until css element with locator li>a[href='/api_list'] was visible.
{"logLevel":"debug","message":"Executing 'Wait until element {} {} is visible' using 'class org.example.StepImplementation.waitElementUntilVisible"}
INFO  StepImplementation - Waited until xpath element with locator //li/a[contains(@href,'AutomationExercise')] was visible.
{"logLevel":"debug","message":"Executing 'Wait until element {} {} is visible' using 'class org.example.StepImplementation.waitElementUntilVisible"}
INFO  StepImplementation - Waited until css element with locator li>a[href='/contact_us'] was visible.
{"logLevel":"debug","message":"Executing 'Click on element {} {}' using 'class org.example.StepImplementation.clickElementWithLocatorType"}
