{"logLevel":"debug","message":"multithreading is set to false"}
{"logLevel":"debug","message":"Using reflection to scan dependencies for gauge implementations..."}
SLF4J(W): io.grpc.netty.shaded.io.netty.util.internal.logging.InternalLoggerFactory
SLF4J(W): The following set of substitute loggers may have been accessed
SLF4J(W): during the initialization phase. Logging calls during this
SLF4J(W): phase were not honored. However, subsequent logging calls to these
SLF4J(W): loggers will work as normally expected.
SLF4J(W): See also https://www.slf4j.org/codes.html#substituteLogger
SLF4J(W): io.grpc.netty.shaded.io.netty.util.internal.PlatformDependent
SLF4J(W): io.grpc.netty.shaded.io.netty.util.internal.PlatformDependent0
SLF4J(W): io.grpc.netty.shaded.io.netty.util.internal.PlatformDependent0
SLF4J(W): io.grpc.netty.shaded.io.netty.util.internal.PlatformDependent0
SLF4J(W): io.grpc.netty.shaded.io.netty.util.internal.PlatformDependent0
SLF4J(W): io.grpc.netty.shaded.io.netty.util.internal.PlatformDependent0
SLF4J(W): io.grpc.netty.shaded.io.netty.util.internal.PlatformDependent0
SLF4J(W): io.grpc.netty.shaded.io.netty.util.internal.PlatformDependent0
SLF4J(W): io.grpc.netty.shaded.io.netty.util.internal.PlatformDependent0
SLF4J(W): io.grpc.netty.shaded.io.netty.util.internal.PlatformDependent0
SLF4J(W): io.grpc.netty.shaded.io.netty.util.internal.PlatformDependent
SLF4J(W): io.grpc.netty.shaded.io.netty.util.internal.PlatformDependent
SLF4J(W): io.grpc.netty.shaded.io.netty.util.internal.PlatformDependent
SLF4J(W): io.grpc.netty.shaded.io.netty.util.internal.PlatformDependent
SLF4J(W): io.grpc.netty.shaded.io.netty.util.internal.PlatformDependent
SLF4J(W): io.grpc.netty.shaded.io.netty.util.internal.PlatformDependent
{"logLevel":"debug","message":"gauge-java took 536milliseconds to load and scan. This should be less than 'runner_connection_timeout' config value."}
{"logLevel":"debug","message":"run 'gauge config runner_connection_timeout' and verify that it is < 536"}
{"logLevel":"debug","message":"starting gRPC server..."}
{"logLevel":"debug","message":"started gRPC server on port 56133"}
{"logLevel":"info","message":"Listening on port:56133"}
{"logLevel":"debug","message":"Scanning packages for steps"}
{"logLevel":"debug","message":"Loading Double click on element {} {}via reflected sources."}
{"logLevel":"debug","message":"Loading Validate {} contains {}via reflected sources."}
{"logLevel":"debug","message":"Loading Verify that element located by {} {} contains text {}via reflected sources."}
{"logLevel":"debug","message":"Loading Verify that stored user information is displayed correctly on Sign Up pagevia reflected sources."}
{"logLevel":"debug","message":"Loading Click element if it exists by {} with locator {}via reflected sources."}
{"logLevel":"debug","message":"Loading Wait {} secondsvia reflected sources."}
{"logLevel":"debug","message":"Loading Scroll to element {} {}via reflected sources."}
{"logLevel":"debug","message":"Loading Wait until element {} {} is visiblevia reflected sources."}
{"logLevel":"debug","message":"Loading Type {} into element {} {}via reflected sources."}
{"logLevel":"debug","message":"Loading Enter user name and email on Sign Up pagevia reflected sources."}
{"logLevel":"debug","message":"Loading Goto website with {}via reflected sources."}
{"logLevel":"debug","message":"Loading Verify registered user name on Home pagevia reflected sources."}
{"logLevel":"debug","message":"Loading If current URL contains {} navigate to {}via reflected sources."}
{"logLevel":"debug","message":"Loading Fill required account information on Sign Up pagevia reflected sources."}
{"logLevel":"debug","message":"Loading Click on element {} {} using JavaScriptvia reflected sources."}
{"logLevel":"debug","message":"Loading Scroll to element located by {} {}via reflected sources."}
{"logLevel":"debug","message":"Loading Check if element {} {} is presentvia reflected sources."}
{"logLevel":"debug","message":"Loading Wait until element {} {} is presentvia reflected sources."}
{"logLevel":"debug","message":"Loading Click on element {} {}via reflected sources."}
{"logLevel":"debug","message":"Loading Wait until element {} {} is clickablevia reflected sources."}
{"logLevel":"debug","message":"Loading Click a random element from elements located by {} {}via reflected sources."}
{"logLevel":"debug","message":"Loading Check if element {} {} is displayedvia reflected sources."}
{"logLevel":"debug","message":"Scanning packages for hooks"}
{"logLevel":"debug","message":"Scanned steps (using static parsing + reflections): "}
{"logLevel":"debug","message":"\tFill required account information on Sign Up page : null"}
{"logLevel":"debug","message":"\tClick on element {} {} : null"}
{"logLevel":"debug","message":"\tClick on element {} {} using JavaScript : null"}
{"logLevel":"debug","message":"\tValidate {} contains {} : null"}
{"logLevel":"debug","message":"\tVerify that element located by {} {} contains text {} : null"}
{"logLevel":"debug","message":"\tScroll to element {} {} : null"}
{"logLevel":"debug","message":"\tGoto website with {} : null"}
{"logLevel":"debug","message":"\tClick element if it exists by {} with locator {} : null"}
{"logLevel":"debug","message":"\tCheck if element {} {} is displayed : null"}
{"logLevel":"debug","message":"\tVerify that stored user information is displayed correctly on Sign Up page : null"}
{"logLevel":"debug","message":"\tVerify registered user name on Home page : null"}
{"logLevel":"debug","message":"\tScroll to element located by {} {} : null"}
{"logLevel":"debug","message":"\tDouble click on element {} {} : null"}
{"logLevel":"debug","message":"\tEnter user name and email on Sign Up page : null"}
{"logLevel":"debug","message":"\tIf current URL contains {} navigate to {} : null"}
{"logLevel":"debug","message":"\tWait until element {} {} is clickable : null"}
{"logLevel":"debug","message":"\tType {} into element {} {} : null"}
{"logLevel":"debug","message":"\tWait until element {} {} is visible : null"}
{"logLevel":"debug","message":"\tWait until element {} {} is present : null"}
{"logLevel":"debug","message":"\tClick a random element from elements located by {} {} : null"}
{"logLevel":"debug","message":"\tCheck if element {} {} is present : null"}
{"logLevel":"debug","message":"\tWait {} seconds : null"}
{"logLevel":"debug","message":"Killing Java runner..."}
{"logLevel":"debug","message":"Stopping execution pool..."}
{"logLevel":"debug","message":"Shutting down grpc server..."}
{"logLevel":"debug","message":"Runner killed gracefully."}
