{"logLevel":"debug","message":"multithreading is set to false"}
{"logLevel":"debug","message":"Using reflection to scan dependencies for gauge implementations..."}
SLF4J(W): io.grpc.netty.shaded.io.netty.util.internal.logging.InternalLoggerFactory
SLF4J(W): The following set of substitute loggers may have been accessed
SLF4J(W): during the initialization phase. Logging calls during this
SLF4J(W): phase were not honored. However, subsequent logging calls to these
SLF4J(W): loggers will work as normally expected.
SLF4J(W): See also https://www.slf4j.org/codes.html#substituteLogger
SLF4J(W): io.grpc.netty.shaded.io.netty.util.internal.PlatformDependent0
SLF4J(W): io.grpc.netty.shaded.io.netty.util.internal.PlatformDependent0
SLF4J(W): io.grpc.netty.shaded.io.netty.util.internal.PlatformDependent0
SLF4J(W): io.grpc.netty.shaded.io.netty.util.internal.PlatformDependent0
SLF4J(W): io.grpc.netty.shaded.io.netty.util.internal.PlatformDependent0
SLF4J(W): io.grpc.netty.shaded.io.netty.util.internal.PlatformDependent0
SLF4J(W): io.grpc.netty.shaded.io.netty.util.internal.PlatformDependent0
SLF4J(W): io.grpc.netty.shaded.io.netty.util.internal.PlatformDependent0
SLF4J(W): io.grpc.netty.shaded.io.netty.util.internal.PlatformDependent0
SLF4J(W): io.grpc.netty.shaded.io.netty.util.internal.PlatformDependent0
SLF4J(W): io.grpc.netty.shaded.io.netty.util.internal.PlatformDependent
SLF4J(W): io.grpc.netty.shaded.io.netty.util.internal.PlatformDependent
SLF4J(W): io.grpc.netty.shaded.io.netty.util.internal.PlatformDependent
SLF4J(W): io.grpc.netty.shaded.io.netty.util.internal.PlatformDependent
SLF4J(W): io.grpc.netty.shaded.io.netty.util.internal.PlatformDependent
SLF4J(W): io.grpc.netty.shaded.io.netty.util.internal.PlatformDependent
SLF4J(W): io.grpc.netty.shaded.io.netty.util.internal.CleanerJava9
SLF4J(W): io.grpc.netty.shaded.io.netty.util.internal.PlatformDependent
{"logLevel":"debug","message":"gauge-java took 572milliseconds to load and scan. This should be less than \u0027runner_connection_timeout\u0027 config value."}
{"logLevel":"debug","message":"run \u0027gauge config runner_connection_timeout\u0027 and verify that it is \u003c 572"}
{"logLevel":"debug","message":"starting gRPC server..."}
{"logLevel":"debug","message":"started gRPC server on port 65017"}
{"logLevel":"info","message":"Listening on port:65017"}
{"logLevel":"debug","message":"Scanning packages for steps"}
{"logLevel":"debug","message":"Loading Double click on element {} {}via reflected sources."}
{"logLevel":"debug","message":"Loading Validate {} contains {}via reflected sources."}
{"logLevel":"debug","message":"Loading Click on element {} {} using JavaScriptvia reflected sources."}
{"logLevel":"debug","message":"Loading Check if element {} {} is presentvia reflected sources."}
{"logLevel":"debug","message":"Loading Wait until element {} {} is presentvia reflected sources."}
{"logLevel":"debug","message":"Loading Click on element {} {}via reflected sources."}
{"logLevel":"debug","message":"Loading Scroll to element {} {}via reflected sources."}
{"logLevel":"debug","message":"Loading Wait until element {} {} is visiblevia reflected sources."}
{"logLevel":"debug","message":"Loading Type {} into element {} {}via reflected sources."}
{"logLevel":"debug","message":"Loading Wait until element {} {} is clickablevia reflected sources."}
{"logLevel":"debug","message":"Loading Goto website with {}via reflected sources."}
{"logLevel":"debug","message":"Loading Check if element {} {} is displayedvia reflected sources."}
{"logLevel":"debug","message":"Scanning packages for hooks"}
{"logLevel":"debug","message":"Scanned steps (using static parsing + reflections): "}
{"logLevel":"debug","message":"\tClick on element {} {} : null"}
{"logLevel":"debug","message":"\tClick on element {} {} using JavaScript : null"}
{"logLevel":"debug","message":"\tValidate {} contains {} : null"}
{"logLevel":"debug","message":"\tScroll to element {} {} : null"}
{"logLevel":"debug","message":"\tGoto website with {} : null"}
{"logLevel":"debug","message":"\tCheck if element {} {} is displayed : null"}
{"logLevel":"debug","message":"\tDouble click on element {} {} : null"}
{"logLevel":"debug","message":"\tWait until element {} {} is clickable : null"}
{"logLevel":"debug","message":"\tType {} into element {} {} : null"}
{"logLevel":"debug","message":"\tWait until element {} {} is visible : null"}
{"logLevel":"debug","message":"\tWait until element {} {} is present : null"}
{"logLevel":"debug","message":"\tCheck if element {} {} is present : null"}
{"logLevel":"debug","message":"Executing \u0027Goto website with {}\u0027 using \u0027class org.example.StepImplementation.goToUrl"}
INFO  StepImplementation - 
Navigated to the website: https://automationexercise.com/
{"logLevel":"debug","message":"Executing \u0027Wait until element {} {} is present\u0027 using \u0027class org.example.StepImplementation.waitElementUntilPresence"}
INFO  StepImplementation - Waited until css element with locator li>a[href='/login'] was present.
{"logLevel":"debug","message":"Executing \u0027Wait until element {} {} is present\u0027 using \u0027class org.example.StepImplementation.waitElementUntilPresence"}
INFO  StepImplementation - Waited until css element with locator li>a[href='/'] was present.
{"logLevel":"debug","message":"Executing \u0027Wait until element {} {} is present\u0027 using \u0027class org.example.StepImplementation.waitElementUntilPresence"}
INFO  StepImplementation - Waited until css element with locator li>a[href='/products'] was present.
{"logLevel":"debug","message":"Executing \u0027Wait until element {} {} is present\u0027 using \u0027class org.example.StepImplementation.waitElementUntilPresence"}
INFO  StepImplementation - Waited until css element with locator li>a[href='/view_cart'] was present.
{"logLevel":"debug","message":"Executing \u0027Wait until element {} {} is present\u0027 using \u0027class org.example.StepImplementation.waitElementUntilPresence"}
INFO  StepImplementation - Waited until css element with locator li>a[href='/test_cases'] was present.
{"logLevel":"debug","message":"Executing \u0027Wait until element {} {} is present\u0027 using \u0027class org.example.StepImplementation.waitElementUntilPresence"}
INFO  StepImplementation - Waited until css element with locator li>a[href='/api_list'] was present.
{"logLevel":"debug","message":"Executing \u0027Wait until element {} {} is present\u0027 using \u0027class org.example.StepImplementation.waitElementUntilPresence"}
INFO  StepImplementation - Waited until xpath element with locator //li/a[contains(@href,'AutomationExercise')] was present.
{"logLevel":"debug","message":"Executing \u0027Wait until element {} {} is present\u0027 using \u0027class org.example.StepImplementation.waitElementUntilPresence"}
INFO  StepImplementation - Waited until css element with locator li>a[href='/contact_us'] was present.
INFO  BaseTest - Closing the browser.
{"logLevel":"debug","message":"Killing Java runner..."}
{"logLevel":"debug","message":"Stopping execution pool..."}
{"logLevel":"debug","message":"Shutting down grpc server..."}
{"logLevel":"debug","message":"Runner killed gracefully."}
